Streaming transaction logs mentioning DV7Ni48rt8frfLkpfLHkTuN4i8Zijj7ojM5XaZwetHW6. Confirmed commitment
Transaction executed in slot 6:
  Signature: 57JNp6eCFZAtQ8y65xickU8HKYAWqZ4HYPx6VEVt2A9h6yuFiwLcKpRDXoSWpv7sVvCFCBfuussVHWeFTS4A9get
  Status: Ok
  Log Messages:
    Program DV7Ni48rt8frfLkpfLHkTuN4i8Zijj7ojM5XaZwetHW6 invoke [1]
    Program log: Instruction: Initialize
    Program 11111111111111111111111111111111 invoke [2]
    Program 11111111111111111111111111111111 success
    Program data: 0NVzYnNSydHQHuk/5OeBgJpagg0jkCLVgDTwB1IUh+m1Zg1unNnyHR4A0B7pP+TngYCaWoINI5Ai1YA08AdSFIfptWYNbpzZ8h0A
    Program DV7Ni48rt8frfLkpfLHkTuN4i8Zijj7ojM5XaZwetHW6 consumed 7837 of 200000 compute units
    Program DV7Ni48rt8frfLkpfLHkTuN4i8Zijj7ojM5XaZwetHW6 success
Transaction executed in slot 9:
  Signature: 37ZFTmTFv2gDheENok5xJhpRRqsLQQmbSK3DfhWTgkPua9LFVFukDhwKZM6qyxGYojWD8W3kqr7kyXYWFDJy62Xm
  Status: Ok
  Log Messages:
    Program DV7Ni48rt8frfLkpfLHkTuN4i8Zijj7ojM5XaZwetHW6 invoke [1]
    Program log: Instruction: UpdateConfig
    Program data: KPHmegsTxsLQHuk/5OeBgJpagg0jkCLVgDTwB1IUh+m1Zg1unNnyHTIA0B7pP+TngYCaWoINI5Ai1YA08AdSFIfptWYNbpzZ8h0A
    Program DV7Ni48rt8frfLkpfLHkTuN4i8Zijj7ojM5XaZwetHW6 consumed 3788 of 200000 compute units
    Program DV7Ni48rt8frfLkpfLHkTuN4i8Zijj7ojM5XaZwetHW6 success
Transaction executed in slot 13:
  Signature: 3yuzhqGKREtcfGtUWAFW8yazUCrwioLNAq3E3pGiAuSNXz6LkgJ1KBtqCcThVJPNpH4SRFabRAaikH8CchhqRFfw
  Status: Ok
  Log Messages:
    Program DV7Ni48rt8frfLkpfLHkTuN4i8Zijj7ojM5XaZwetHW6 invoke [1]
    Program log: Instruction: OpenOrderSpl
    Program 11111111111111111111111111111111 invoke [2]
    Program 11111111111111111111111111111111 success
    Program ATokenGPvbdGVxr1b2hvZbsiqW5xWH25efTNsLJA8knL invoke [2]
    Program log: Create
    Program TokenkegQfeZyiNwAJbNbGKPFXCWuBvf9Ss623VQ5DA invoke [3]
    Program log: Instruction: GetAccountDataSize
    Program TokenkegQfeZyiNwAJbNbGKPFXCWuBvf9Ss623VQ5DA consumed 1595 of 172794 compute units
    Program return: TokenkegQfeZyiNwAJbNbGKPFXCWuBvf9Ss623VQ5DA pQAAAAAAAAA=
    Program TokenkegQfeZyiNwAJbNbGKPFXCWuBvf9Ss623VQ5DA success
    Program 11111111111111111111111111111111 invoke [3]
    Program 11111111111111111111111111111111 success
    Program log: Initialize the associated token account
    Program TokenkegQfeZyiNwAJbNbGKPFXCWuBvf9Ss623VQ5DA invoke [3]
    Program log: Instruction: InitializeImmutableOwner
    Program log: Please upgrade to SPL Token 2022 for immutable owner support
    Program TokenkegQfeZyiNwAJbNbGKPFXCWuBvf9Ss623VQ5DA consumed 1405 of 166181 compute units
    Program TokenkegQfeZyiNwAJbNbGKPFXCWuBvf9Ss623VQ5DA success
    Program TokenkegQfeZyiNwAJbNbGKPFXCWuBvf9Ss623VQ5DA invoke [3]
    Program log: Instruction: InitializeAccount3
    Program TokenkegQfeZyiNwAJbNbGKPFXCWuBvf9Ss623VQ5DA consumed 4214 of 162297 compute units
    Program TokenkegQfeZyiNwAJbNbGKPFXCWuBvf9Ss623VQ5DA success
    Program ATokenGPvbdGVxr1b2hvZbsiqW5xWH25efTNsLJA8knL consumed 23490 of 181269 compute units
    Program ATokenGPvbdGVxr1b2hvZbsiqW5xWH25efTNsLJA8knL success
    Program TokenkegQfeZyiNwAJbNbGKPFXCWuBvf9Ss623VQ5DA invoke [2]
    Program log: Instruction: Transfer
    Program TokenkegQfeZyiNwAJbNbGKPFXCWuBvf9Ss623VQ5DA consumed 4645 of 150577 compute units
    Program TokenkegQfeZyiNwAJbNbGKPFXCWuBvf9Ss623VQ5DA success
    Program data: Av7FGCmm4ThPjjjAaPrHPe5B3jc6O7+BpoYoo2S2GGH72H6K7Nk2kA==
    Program DV7Ni48rt8frfLkpfLHkTuN4i8Zijj7ojM5XaZwetHW6 consumed 55352 of 200000 compute units
    Program DV7Ni48rt8frfLkpfLHkTuN4i8Zijj7ojM5XaZwetHW6 success
Transaction executed in slot 14:
  Signature: 3yuzhqGKREtcfGtUWAFW8yazUCrwioLNAq3E3pGiAuSNXz6LkgJ1KBtqCcThVJPNpH4SRFabRAaikH8CchhqRFfw
  Status: Ok
  Log Messages:
    Program DV7Ni48rt8frfLkpfLHkTuN4i8Zijj7ojM5XaZwetHW6 invoke [1]
    Program log: Instruction: OpenOrderSpl
    Program 11111111111111111111111111111111 invoke [2]
    Program 11111111111111111111111111111111 success
    Program ATokenGPvbdGVxr1b2hvZbsiqW5xWH25efTNsLJA8knL invoke [2]
    Program log: Create
    Program TokenkegQfeZyiNwAJbNbGKPFXCWuBvf9Ss623VQ5DA invoke [3]
    Program log: Instruction: GetAccountDataSize
    Program TokenkegQfeZyiNwAJbNbGKPFXCWuBvf9Ss623VQ5DA consumed 1595 of 172794 compute units
    Program return: TokenkegQfeZyiNwAJbNbGKPFXCWuBvf9Ss623VQ5DA pQAAAAAAAAA=
    Program TokenkegQfeZyiNwAJbNbGKPFXCWuBvf9Ss623VQ5DA success
    Program 11111111111111111111111111111111 invoke [3]
    Program 11111111111111111111111111111111 success
    Program log: Initialize the associated token account
    Program TokenkegQfeZyiNwAJbNbGKPFXCWuBvf9Ss623VQ5DA invoke [3]
    Program log: Instruction: InitializeImmutableOwner
    Program log: Please upgrade to SPL Token 2022 for immutable owner support
    Program TokenkegQfeZyiNwAJbNbGKPFXCWuBvf9Ss623VQ5DA consumed 1405 of 166181 compute units
    Program TokenkegQfeZyiNwAJbNbGKPFXCWuBvf9Ss623VQ5DA success
    Program TokenkegQfeZyiNwAJbNbGKPFXCWuBvf9Ss623VQ5DA invoke [3]
    Program log: Instruction: InitializeAccount3
    Program TokenkegQfeZyiNwAJbNbGKPFXCWuBvf9Ss623VQ5DA consumed 4214 of 162297 compute units
    Program TokenkegQfeZyiNwAJbNbGKPFXCWuBvf9Ss623VQ5DA success
    Program ATokenGPvbdGVxr1b2hvZbsiqW5xWH25efTNsLJA8knL consumed 23490 of 181269 compute units
    Program ATokenGPvbdGVxr1b2hvZbsiqW5xWH25efTNsLJA8knL success
    Program TokenkegQfeZyiNwAJbNbGKPFXCWuBvf9Ss623VQ5DA invoke [2]
    Program log: Instruction: Transfer
    Program TokenkegQfeZyiNwAJbNbGKPFXCWuBvf9Ss623VQ5DA consumed 4645 of 150577 compute units
    Program TokenkegQfeZyiNwAJbNbGKPFXCWuBvf9Ss623VQ5DA success
    Program data: Av7FGCmm4ThPjjjAaPrHPe5B3jc6O7+BpoYoo2S2GGH72H6K7Nk2kA==
    Program DV7Ni48rt8frfLkpfLHkTuN4i8Zijj7ojM5XaZwetHW6 consumed 55352 of 200000 compute units
    Program DV7Ni48rt8frfLkpfLHkTuN4i8Zijj7ojM5XaZwetHW6 success
Transaction executed in slot 16:
  Signature: 5Vw9XmERCfpcLMv6mrmK78SgduT1f1hx5XD3ADHA1ht4QuRd7CmCP13ueUdqMnGoW33Hty6GvDTaHDKeFAKiCVry
  Status: Ok
  Log Messages:
    Program DV7Ni48rt8frfLkpfLHkTuN4i8Zijj7ojM5XaZwetHW6 invoke [1]
    Program log: Instruction: OpenOrderSol
    Program 11111111111111111111111111111111 invoke [2]
    Program 11111111111111111111111111111111 success
    Program 11111111111111111111111111111111 invoke [2]
    Program 11111111111111111111111111111111 success
    Program data: Av7FGCmm4TioY6YZO/R6vdh3rUFM/bBPfCcK2Ax6MWLGxiFcagFQHQ==
    Program DV7Ni48rt8frfLkpfLHkTuN4i8Zijj7ojM5XaZwetHW6 consumed 15204 of 200000 compute units
    Program DV7Ni48rt8frfLkpfLHkTuN4i8Zijj7ojM5XaZwetHW6 success
Transaction executed in slot 18:
  Signature: 2NDLiPZVy5HQ9vjgLyV2TPqEUuTdgqNeyicVUbA1sUUaVENvm6fMS8YhH8LqJnb577WuaP33pbCSHYS1RQkUyNuu
  Status: Ok
  Log Messages:
    Program DV7Ni48rt8frfLkpfLHkTuN4i8Zijj7ojM5XaZwetHW6 invoke [1]
    Program log: Instruction: OpenOrderSol
    Program 11111111111111111111111111111111 invoke [2]
    Program 11111111111111111111111111111111 success
    Program 11111111111111111111111111111111 invoke [2]
    Program 11111111111111111111111111111111 success
    Program data: Av7FGCmm4TiVqgyuWEatr3tIUU7dqCfSdMdgHXyFSjleG+5nSYghoA==
    Program DV7Ni48rt8frfLkpfLHkTuN4i8Zijj7ojM5XaZwetHW6 consumed 15204 of 200000 compute units
    Program DV7Ni48rt8frfLkpfLHkTuN4i8Zijj7ojM5XaZwetHW6 success
Transaction executed in slot 19:
  Signature: 3hrUhvaFjsZD8aF6Yt4Jh4mXweePwRMEwgyNe9hVTjRamiPGTfDEs68CTLM4y89GWNMFYrujav5vkm4ZtMHYo6xw
  Status: Ok
  Log Messages:
    Program DV7Ni48rt8frfLkpfLHkTuN4i8Zijj7ojM5XaZwetHW6 invoke [1]
    Program log: Instruction: CancelOrderSol
    Program data: bDiARKhxqO+VqgyuWEatr3tIUU7dqCfSdMdgHXyFSjleG+5nSYghoNAe6T/k54GAmlqCDSOQItWANPAHUhSH6bVmDW6c2fId
    Program DV7Ni48rt8frfLkpfLHkTuN4i8Zijj7ojM5XaZwetHW6 consumed 5011 of 200000 compute units
    Program DV7Ni48rt8frfLkpfLHkTuN4i8Zijj7ojM5XaZwetHW6 success
Transaction executed in slot 24:
  Signature: 22uUQZvFCqR31BWKBFYTfTPjhnL65ZjNjx1sEZJJeAheyHBvZ59v9m5NB79RJBVnpSovAKP8WmVZrrbowPsWVSM5
  Status: Ok
  Log Messages:
    Program DV7Ni48rt8frfLkpfLHkTuN4i8Zijj7ojM5XaZwetHW6 invoke [1]
    Program log: Instruction: OpenOrderSpl
    Program 11111111111111111111111111111111 invoke [2]
    Program 11111111111111111111111111111111 success
    Program ATokenGPvbdGVxr1b2hvZbsiqW5xWH25efTNsLJA8knL invoke [2]
    Program log: Create
    Program TokenkegQfeZyiNwAJbNbGKPFXCWuBvf9Ss623VQ5DA invoke [3]
    Program log: Instruction: GetAccountDataSize
    Program TokenkegQfeZyiNwAJbNbGKPFXCWuBvf9Ss623VQ5DA consumed 1595 of 178794 compute units
    Program return: TokenkegQfeZyiNwAJbNbGKPFXCWuBvf9Ss623VQ5DA pQAAAAAAAAA=
    Program TokenkegQfeZyiNwAJbNbGKPFXCWuBvf9Ss623VQ5DA success
    Program 11111111111111111111111111111111 invoke [3]
    Program 11111111111111111111111111111111 success
    Program log: Initialize the associated token account
    Program TokenkegQfeZyiNwAJbNbGKPFXCWuBvf9Ss623VQ5DA invoke [3]
    Program log: Instruction: InitializeImmutableOwner
    Program log: Please upgrade to SPL Token 2022 for immutable owner support
    Program TokenkegQfeZyiNwAJbNbGKPFXCWuBvf9Ss623VQ5DA consumed 1405 of 172181 compute units
    Program TokenkegQfeZyiNwAJbNbGKPFXCWuBvf9Ss623VQ5DA success
    Program TokenkegQfeZyiNwAJbNbGKPFXCWuBvf9Ss623VQ5DA invoke [3]
    Program log: Instruction: InitializeAccount3
    Program TokenkegQfeZyiNwAJbNbGKPFXCWuBvf9Ss623VQ5DA consumed 4214 of 168297 compute units
    Program TokenkegQfeZyiNwAJbNbGKPFXCWuBvf9Ss623VQ5DA success
    Program ATokenGPvbdGVxr1b2hvZbsiqW5xWH25efTNsLJA8knL consumed 20490 of 184269 compute units
    Program ATokenGPvbdGVxr1b2hvZbsiqW5xWH25efTNsLJA8knL success
    Program TokenkegQfeZyiNwAJbNbGKPFXCWuBvf9Ss623VQ5DA invoke [2]
    Program log: Instruction: Transfer
    Program TokenkegQfeZyiNwAJbNbGKPFXCWuBvf9Ss623VQ5DA consumed 4645 of 156577 compute units
    Program TokenkegQfeZyiNwAJbNbGKPFXCWuBvf9Ss623VQ5DA success
    Program data: Av7FGCmm4TibmYT1WOelp646Hjsx6C+VzNLOD2S5IktutxhNgMFSOw==
    Program DV7Ni48rt8frfLkpfLHkTuN4i8Zijj7ojM5XaZwetHW6 consumed 49352 of 200000 compute units
    Program DV7Ni48rt8frfLkpfLHkTuN4i8Zijj7ojM5XaZwetHW6 success
Transaction executed in slot 25:
  Signature: DSpnHz6Y6G39QYjRghP9VbfUFN9GWuF4jUFe8ukjYcWR4s6TGjy1i46Y4CDT6Vzkhnmm3JFZnzkBm53g6cXKMuf
  Status: Ok
  Log Messages:
    Program DV7Ni48rt8frfLkpfLHkTuN4i8Zijj7ojM5XaZwetHW6 invoke [1]
    Program log: Instruction: CancelOrderSpl
    Program TokenkegQfeZyiNwAJbNbGKPFXCWuBvf9Ss623VQ5DA invoke [2]
    Program log: Instruction: Transfer
    Program TokenkegQfeZyiNwAJbNbGKPFXCWuBvf9Ss623VQ5DA consumed 4645 of 189187 compute units
    Program TokenkegQfeZyiNwAJbNbGKPFXCWuBvf9Ss623VQ5DA success
    Program TokenkegQfeZyiNwAJbNbGKPFXCWuBvf9Ss623VQ5DA invoke [2]
    Program log: Instruction: CloseAccount
    Program TokenkegQfeZyiNwAJbNbGKPFXCWuBvf9Ss623VQ5DA consumed 3015 of 182129 compute units
    Program TokenkegQfeZyiNwAJbNbGKPFXCWuBvf9Ss623VQ5DA success
    Program data: bDiARKhxqO+bmYT1WOelp646Hjsx6C+VzNLOD2S5IktutxhNgMFSO9Ae6T/k54GAmlqCDSOQItWANPAHUhSH6bVmDW6c2fId
    Program DV7Ni48rt8frfLkpfLHkTuN4i8Zijj7ojM5XaZwetHW6 consumed 21721 of 200000 compute units
    Program DV7Ni48rt8frfLkpfLHkTuN4i8Zijj7ojM5XaZwetHW6 success
Transaction executed in slot 27:
  Signature: 2qmPEPFX6ERHZMbVenBUXj8HSyWXFqbc3HgiqNrHdCUc2q4BX5jL3rxgamNfWhLY5dM9sUzaxPgcU6nzALCDSci3
  Status: Ok
  Log Messages:
    Program DV7Ni48rt8frfLkpfLHkTuN4i8Zijj7ojM5XaZwetHW6 invoke [1]
    Program log: Instruction: OpenOrderSol
    Program 11111111111111111111111111111111 invoke [2]
    Program 11111111111111111111111111111111 success
    Program 11111111111111111111111111111111 invoke [2]
    Program 11111111111111111111111111111111 success
    Program data: Av7FGCmm4Thb7g9ZdoFTzUBac3LhC5DZuo+KK5B38jXJAxcCkNaRaA==
    Program DV7Ni48rt8frfLkpfLHkTuN4i8Zijj7ojM5XaZwetHW6 consumed 15204 of 200000 compute units
    Program DV7Ni48rt8frfLkpfLHkTuN4i8Zijj7ojM5XaZwetHW6 success
Transaction executed in slot 28:
  Signature: 23xxiRx9h6DNGDz2QBJqqHi7SBu12QtZGYSdNQqZQq2CnVLYQoXcN6oidEG9pnXxREvecEhsePgwQ2oF4Qeo46Ca
  Status: Ok
  Log Messages:
    Program DV7Ni48rt8frfLkpfLHkTuN4i8Zijj7ojM5XaZwetHW6 invoke [1]
    Program log: Instruction: ExecuteOrderSol
    Program data: SofnBahqwnVb7g9ZdoFTzUBac3LhC5DZuo+KK5B38jXJAxcCkNaRaNAe6T/k54GAmlqCDSOQItWANPAHUhSH6bVmDW6c2fIdgJaYAAAAAAA=
    Program DV7Ni48rt8frfLkpfLHkTuN4i8Zijj7ojM5XaZwetHW6 consumed 5545 of 200000 compute units
    Program DV7Ni48rt8frfLkpfLHkTuN4i8Zijj7ojM5XaZwetHW6 success
Transaction executed in slot 34:
  Signature: 4nexct2Nh37Pq8QToZRLbCwzwSb9L1bU7K5LB7R8UUmKSJPQ2S1AuCP7q8vk9ajNWxi6PoabYdcHHHDDzL4e6E9r
  Status: Ok
  Log Messages:
    Program DV7Ni48rt8frfLkpfLHkTuN4i8Zijj7ojM5XaZwetHW6 invoke [1]
    Program log: Instruction: OpenOrderSpl
    Program 11111111111111111111111111111111 invoke [2]
    Program 11111111111111111111111111111111 success
    Program ATokenGPvbdGVxr1b2hvZbsiqW5xWH25efTNsLJA8knL invoke [2]
    Program log: Create
    Program TokenkegQfeZyiNwAJbNbGKPFXCWuBvf9Ss623VQ5DA invoke [3]
    Program log: Instruction: GetAccountDataSize
    Program TokenkegQfeZyiNwAJbNbGKPFXCWuBvf9Ss623VQ5DA consumed 1595 of 172794 compute units
    Program return: TokenkegQfeZyiNwAJbNbGKPFXCWuBvf9Ss623VQ5DA pQAAAAAAAAA=
    Program TokenkegQfeZyiNwAJbNbGKPFXCWuBvf9Ss623VQ5DA success
    Program 11111111111111111111111111111111 invoke [3]
    Program 11111111111111111111111111111111 success
    Program log: Initialize the associated token account
    Program TokenkegQfeZyiNwAJbNbGKPFXCWuBvf9Ss623VQ5DA invoke [3]
    Program log: Instruction: InitializeImmutableOwner
    Program log: Please upgrade to SPL Token 2022 for immutable owner support
    Program TokenkegQfeZyiNwAJbNbGKPFXCWuBvf9Ss623VQ5DA consumed 1405 of 166181 compute units
    Program TokenkegQfeZyiNwAJbNbGKPFXCWuBvf9Ss623VQ5DA success
    Program TokenkegQfeZyiNwAJbNbGKPFXCWuBvf9Ss623VQ5DA invoke [3]
    Program log: Instruction: InitializeAccount3
    Program TokenkegQfeZyiNwAJbNbGKPFXCWuBvf9Ss623VQ5DA consumed 4214 of 162297 compute units
    Program TokenkegQfeZyiNwAJbNbGKPFXCWuBvf9Ss623VQ5DA success
    Program ATokenGPvbdGVxr1b2hvZbsiqW5xWH25efTNsLJA8knL consumed 23490 of 181269 compute units
    Program ATokenGPvbdGVxr1b2hvZbsiqW5xWH25efTNsLJA8knL success
    Program TokenkegQfeZyiNwAJbNbGKPFXCWuBvf9Ss623VQ5DA invoke [2]
    Program log: Instruction: Transfer
    Program TokenkegQfeZyiNwAJbNbGKPFXCWuBvf9Ss623VQ5DA consumed 4645 of 150577 compute units
    Program TokenkegQfeZyiNwAJbNbGKPFXCWuBvf9Ss623VQ5DA success
    Program data: Av7FGCmm4Tj2bDQsRv3b/4y8D08DL6ANobrrBrmX7oesh2j7dA8wXA==
    Program DV7Ni48rt8frfLkpfLHkTuN4i8Zijj7ojM5XaZwetHW6 consumed 55352 of 200000 compute units
    Program DV7Ni48rt8frfLkpfLHkTuN4i8Zijj7ojM5XaZwetHW6 success
Transaction executed in slot 34:
  Signature: 64qKVGSqmzi5jADLGWEByDJqBkh2zgvuJjCMfdyndJYbfhC1ibyQqFEWXWAUWUoePD9ZqzmthvzqTNuYTcaSthVi
  Status: Ok
  Log Messages:
    Program DV7Ni48rt8frfLkpfLHkTuN4i8Zijj7ojM5XaZwetHW6 invoke [1]
    Program log: Instruction: ExecuteOrderSpl
    Program TokenkegQfeZyiNwAJbNbGKPFXCWuBvf9Ss623VQ5DA invoke [2]
    Program log: Instruction: Transfer
    Program TokenkegQfeZyiNwAJbNbGKPFXCWuBvf9Ss623VQ5DA consumed 4645 of 185973 compute units
    Program TokenkegQfeZyiNwAJbNbGKPFXCWuBvf9Ss623VQ5DA success
    Program TokenkegQfeZyiNwAJbNbGKPFXCWuBvf9Ss623VQ5DA invoke [2]
    Program log: Instruction: Transfer
    Program TokenkegQfeZyiNwAJbNbGKPFXCWuBvf9Ss623VQ5DA consumed 4645 of 178900 compute units
    Program TokenkegQfeZyiNwAJbNbGKPFXCWuBvf9Ss623VQ5DA success
    Program TokenkegQfeZyiNwAJbNbGKPFXCWuBvf9Ss623VQ5DA invoke [2]
    Program log: Instruction: CloseAccount
    Program TokenkegQfeZyiNwAJbNbGKPFXCWuBvf9Ss623VQ5DA consumed 3015 of 171846 compute units
    Program TokenkegQfeZyiNwAJbNbGKPFXCWuBvf9Ss623VQ5DA success
    Program data: SofnBahqwnX2bDQsRv3b/4y8D08DL6ANobrrBrmX7oesh2j7dA8wXNAe6T/k54GAmlqCDSOQItWANPAHUhSH6bVmDW6c2fIdAAAAAAAAAAA=
    Program DV7Ni48rt8frfLkpfLHkTuN4i8Zijj7ojM5XaZwetHW6 consumed 32052 of 200000 compute units
    Program DV7Ni48rt8frfLkpfLHkTuN4i8Zijj7ojM5XaZwetHW6 success
Transaction executed in slot 35:
  Signature: 64qKVGSqmzi5jADLGWEByDJqBkh2zgvuJjCMfdyndJYbfhC1ibyQqFEWXWAUWUoePD9ZqzmthvzqTNuYTcaSthVi
  Status: Ok
  Log Messages:
    Program DV7Ni48rt8frfLkpfLHkTuN4i8Zijj7ojM5XaZwetHW6 invoke [1]
    Program log: Instruction: ExecuteOrderSpl
    Program TokenkegQfeZyiNwAJbNbGKPFXCWuBvf9Ss623VQ5DA invoke [2]
    Program log: Instruction: Transfer
    Program TokenkegQfeZyiNwAJbNbGKPFXCWuBvf9Ss623VQ5DA consumed 4645 of 185973 compute units
    Program TokenkegQfeZyiNwAJbNbGKPFXCWuBvf9Ss623VQ5DA success
    Program TokenkegQfeZyiNwAJbNbGKPFXCWuBvf9Ss623VQ5DA invoke [2]
    Program log: Instruction: Transfer
    Program TokenkegQfeZyiNwAJbNbGKPFXCWuBvf9Ss623VQ5DA consumed 4645 of 178900 compute units
    Program TokenkegQfeZyiNwAJbNbGKPFXCWuBvf9Ss623VQ5DA success
    Program TokenkegQfeZyiNwAJbNbGKPFXCWuBvf9Ss623VQ5DA invoke [2]
    Program log: Instruction: CloseAccount
    Program TokenkegQfeZyiNwAJbNbGKPFXCWuBvf9Ss623VQ5DA consumed 3015 of 171846 compute units
    Program TokenkegQfeZyiNwAJbNbGKPFXCWuBvf9Ss623VQ5DA success
    Program data: SofnBahqwnX2bDQsRv3b/4y8D08DL6ANobrrBrmX7oesh2j7dA8wXNAe6T/k54GAmlqCDSOQItWANPAHUhSH6bVmDW6c2fIdAAAAAAAAAAA=
    Program DV7Ni48rt8frfLkpfLHkTuN4i8Zijj7ojM5XaZwetHW6 consumed 32052 of 200000 compute units
    Program DV7Ni48rt8frfLkpfLHkTuN4i8Zijj7ojM5XaZwetHW6 success
